c:\users\user\desktop\cmp2012m code\bin\lab1.dir\debug\vc140.pdb
c:\users\user\desktop\cmp2012m code\bin\lab1.dir\debug\multiple_object_ortho.obj
c:\users\user\desktop\cmp2012m code\bin\lab1.dir\debug\multiple_object.obj
c:\users\user\desktop\cmp2012m code\bin\lab1.dir\debug\main_squares_transform2.obj
c:\users\user\desktop\cmp2012m code\bin\lab1.dir\debug\main_squares_transform.obj
c:\users\user\desktop\cmp2012m code\bin\cmakefiles\generate.stamp
c:\users\user\desktop\cmp2012m code\bin\lib\lab1.lib
c:\users\user\desktop\cmp2012m code\bin\lib\lab1.exp
c:\users\user\desktop\cmp2012m code\bin\bin\lab1.ilk
c:\users\user\desktop\cmp2012m code\bin\bin\lab1.exe
c:\users\user\desktop\cmp2012m code\bin\bin\lab1.pdb
c:\users\user\desktop\cmp2012m code\bin\lab1.dir\debug\lab1.tlog\cl.command.1.tlog
c:\users\user\desktop\cmp2012m code\bin\lab1.dir\debug\lab1.tlog\cl.read.1.tlog
c:\users\user\desktop\cmp2012m code\bin\lab1.dir\debug\lab1.tlog\cl.write.1.tlog
c:\users\user\desktop\cmp2012m code\bin\lab1.dir\debug\lab1.tlog\custombuild.command.1.tlog
c:\users\user\desktop\cmp2012m code\bin\lab1.dir\debug\lab1.tlog\custombuild.read.1.tlog
c:\users\user\desktop\cmp2012m code\bin\lab1.dir\debug\lab1.tlog\custombuild.write.1.tlog
c:\users\user\desktop\cmp2012m code\bin\lab1.dir\debug\lab1.tlog\lab1.write.1u.tlog
c:\users\user\desktop\cmp2012m code\bin\lab1.dir\debug\lab1.tlog\link.command.1.tlog
c:\users\user\desktop\cmp2012m code\bin\lab1.dir\debug\lab1.tlog\link.read.1.tlog
c:\users\user\desktop\cmp2012m code\bin\lab1.dir\debug\lab1.tlog\link.write.1.tlog
